[INFO ] 2016-12-27 13:10:51.410 LogService - Create database command to create the database test
[INFO ] 2016-12-27 13:10:51.416 LogService - Operation Successful
[INFO ] 2016-12-27 13:11:17.868 LogService - Create table command to create the table test in the database null
[ERROR] 2016-12-27 13:11:17.874 LogService - Unkown database.
[INFO ] 2016-12-27 13:11:24.410 LogService - Use database command to use the database test
[INFO ] 2016-12-27 13:11:24.411 LogService - Operation Successful
[INFO ] 2016-12-27 13:11:43.631 LogService - Create table command to create the table test in the database null
[INFO ] 2016-12-27 13:11:43.857 LogService - Operation Successful
[INFO ] 2016-12-27 13:12:12.624 LogService - Insert command on the table test in the database null
[INFO ] 2016-12-27 13:12:13.092 LogService - Operation Successful
[INFO ] 2016-12-27 13:15:18.457 LogService - Use database command to use the database test
[INFO ] 2016-12-27 13:15:18.460 LogService - Operation Successful
[INFO ] 2016-12-27 13:15:42.156 LogService - Insert command on the table test in the database null
[INFO ] 2016-12-27 13:15:42.298 LogService - Operation Successful
[INFO ] 2016-12-27 13:15:49.979 LogService - Select from table command on the table test in the database null
[INFO ] 2016-12-27 13:15:50.092 LogService - Operation Successful
[INFO ] 2016-12-27 13:16:05.088 LogService - Delete rows command on the table test2 in the database null
[ERROR] 2016-12-27 13:16:05.089 LogService - Unknown table.
[INFO ] 2016-12-27 13:16:21.847 LogService - Delete rows command on the table test in the database null
[INFO ] 2016-12-27 13:16:21.881 LogService - Operation Successful
[INFO ] 2016-12-27 13:16:39.269 LogService - Insert command on the table test in the database null
[INFO ] 2016-12-27 13:16:39.301 LogService - Operation Successful
[INFO ] 2016-12-27 13:16:44.636 LogService - Select from table command on the table test in the database null
[ERROR] 2016-12-27 13:16:44.659 LogService - Unknown column.
[INFO ] 2016-12-27 13:16:53.225 LogService - Alter add column command on the table test in the database null
[INFO ] 2016-12-27 13:16:53.267 LogService - Operation Successful
[INFO ] 2016-12-27 13:17:01.425 LogService - Select from table command on the table test in the database null
[INFO ] 2016-12-27 13:17:01.460 LogService - Operation Successful
[INFO ] 2016-12-27 13:18:03.214 LogService - Use database command to use the database test
[INFO ] 2016-12-27 13:18:03.216 LogService - Operation Successful
[INFO ] 2016-12-27 13:18:05.579 LogService - Drop table command to drop the table test in the database null
[INFO ] 2016-12-27 13:18:05.583 LogService - Operation Successful
[INFO ] 2016-12-27 13:18:12.378 LogService - Select from table command on the table test in the database null
[ERROR] 2016-12-27 13:18:12.378 LogService - Unknown table.
[INFO ] 2016-12-27 13:18:16.509 LogService - Drop database command to drop the database test
[INFO ] 2016-12-27 13:18:16.511 LogService - Operation Successful
[INFO ] 2016-12-27 13:22:05.689 LogService - Create database command to create the database smalltest
[INFO ] 2016-12-27 13:22:05.694 LogService - Operation Successful
[INFO ] 2016-12-27 13:22:08.114 LogService - Use database command to use the database smalltest
[INFO ] 2016-12-27 13:22:08.114 LogService - Operation Successful
[INFO ] 2016-12-27 13:22:19.843 LogService - Create table command to create the table minitest in the database null
[INFO ] 2016-12-27 13:22:19.895 LogService - Operation Successful
[INFO ] 2016-12-27 13:22:25.720 LogService - Select from table command on the table minitest in the database null
[INFO ] 2016-12-27 13:22:25.731 LogService - Operation Successful
[ERROR] 2016-12-27 13:22:33.500 LogService - Wrong syntax used.
[INFO ] 2016-12-27 13:29:15.949 LogService - Create database command to create the database test
[INFO ] 2016-12-27 13:29:15.957 LogService - Operation Successful
[INFO ] 2016-12-27 13:29:24.650 LogService - Create table command to create the table test in the database null
[ERROR] 2016-12-27 13:29:24.653 LogService - Unkown database.
[INFO ] 2016-12-27 13:29:41.100 LogService - Use database command to use the database test
[INFO ] 2016-12-27 13:29:41.101 LogService - Operation Successful
[INFO ] 2016-12-27 13:29:55.376 LogService - Create table command to create the table test in the database null
[INFO ] 2016-12-27 13:29:55.435 LogService - Operation Successful
[INFO ] 2016-12-27 13:30:01.944 LogService - Insert command on the table test in the database null
[INFO ] 2016-12-27 13:30:01.983 LogService - Operation Successful
[INFO ] 2016-12-27 13:30:08.680 LogService - Insert command on the table test in the database null
[INFO ] 2016-12-27 13:30:08.714 LogService - Operation Successful
[INFO ] 2016-12-27 13:30:16.930 LogService - Select from table command on the table test in the database null
[INFO ] 2016-12-27 13:30:16.953 LogService - Operation Successful
[INFO ] 2016-12-27 13:30:24.491 LogService - Delete rows command on the table test2 in the database null
[ERROR] 2016-12-27 13:30:24.491 LogService - Unknown table.
[INFO ] 2016-12-27 13:30:36.769 LogService - Delete rows command on the table test in the database null
[INFO ] 2016-12-27 13:30:36.802 LogService - Operation Successful
[INFO ] 2016-12-27 13:30:54.607 LogService - Insert command on the table test in the database null
[INFO ] 2016-12-27 13:30:54.638 LogService - Operation Successful
[INFO ] 2016-12-27 13:31:02.657 LogService - Select from table command on the table test in the database null
[ERROR] 2016-12-27 13:31:02.682 LogService - Unknown column.
[INFO ] 2016-12-27 13:31:20.795 LogService - Alter add column command on the table test in the database null
[INFO ] 2016-12-27 13:31:20.831 LogService - Operation Successful
[INFO ] 2016-12-27 13:31:32.394 LogService - Select from table command on the table test in the database null
[INFO ] 2016-12-27 13:31:32.422 LogService - Operation Successful
[INFO ] 2016-12-27 13:32:50.140 LogService - Drop table command to drop the table test in the database null
[ERROR] 2016-12-27 13:32:50.142 LogService - Unknown table.
[INFO ] 2016-12-27 13:32:56.066 LogService - Use database command to use the database test
[INFO ] 2016-12-27 13:32:56.067 LogService - Operation Successful
[ERROR] 2016-12-27 13:32:57.403 LogService - Wrong syntax used.
[INFO ] 2016-12-27 13:33:03.973 LogService - Drop table command to drop the table test in the database null
[INFO ] 2016-12-27 13:33:03.977 LogService - Operation Successful
[INFO ] 2016-12-27 13:33:11.870 LogService - Select from table command on the table test in the database null
[ERROR] 2016-12-27 13:33:11.870 LogService - Unknown table.
[INFO ] 2016-12-27 13:33:24.974 LogService - Drop database command to drop the database test
[INFO ] 2016-12-27 13:33:24.977 LogService - Operation Successful
